DB connection successful
POST request received: Array
(
    [email] => info@thedigies.com
)

DB connection successful
POST request received: Array
(
    [email] => info@thedigies.com
)

DB connection successful
POST request received: Array
(
    [email] => ggtwin0@gmail.com
)

DB connection successful
POST request received: Array
(
    [email] => cherryontopdotio@gmail.com
)

DB connection successful
POST request received: Array
(
    [email] => cherryontopdotio@gmail.com
)

DB connection successful
POST request received: Array
(
    [email] => ivetchadim@gmail.com
)

DB connection successful
POST request received: Array
(
    [email] => cherryontopdotio@gmail.com
)

